<?xml version="1.0" encoding="UTF-8"?>
<!-- Generated by org.testng.reporters.JUnitReportReporter -->
<testsuite skipped="0" hostname="LAPTOP-SNG10N7O" name="gittest.SampleTest" tests="1" failures="0" timestamp="03 Dec 2017 13:52:15 GMT" time="0.143" errors="0">
  <testcase name="f" time="0.143" classname="gittest.SampleTest"/>
</testsuite> <!-- gittest.SampleTest -->
