<?xml version="1.0" encoding="UTF-8"?>
<!-- Generated by org.testng.reporters.JUnitReportReporter -->
<testsuite skipped="0" hostname="LAPTOP-SNG10N7O" name="gittest.NewTest" tests="1" failures="0" timestamp="03 Dec 2017 14:03:41 GMT" time="0.016" errors="0">
  <testcase name="f" time="0.016" classname="gittest.NewTest"/>
</testsuite> <!-- gittest.NewTest -->
